<?xml version="1.0" encoding="UTF-8"?>
<!-- Generated by org.testng.reporters.JUnitReportReporter -->
<testsuite hostname="JERRY" failures="0" tests="3" name="testNG.Facebook" time="0.022" errors="0" timestamp="2023-11-23T22:41:03 IST" skipped="0">
  <testcase classname="testNG.Facebook" name="testing1" time="0.018"/>
  <system-out/>
  <testcase classname="testNG.Facebook" name="testing2" time="0.002"/>
  <system-out/>
  <testcase classname="testNG.Facebook" name="testing3" time="0.002"/>
  <system-out/>
</testsuite> <!-- testNG.Facebook -->
